<12>1 2024-08-07T15:36:06.868820+10:00 STEFAN-PC Microsoft-Windows-Hyper-V-VmSwitch 25108 - [NXLOG@14506 Keywords="4611686018427388032" EventType="WARNING" EventID="285" ProviderGuid="{67DC0D66-3695-47C0-9642-33F76F7BD7AD}" Version="0" Task="0" OpcodeValue="0" RecordNumber="778222" ThreadID="26968" Channel="Microsoft-Windows-Hyper-V-VmSwitch-Operational" Opcode="Info" OperationName="OID_GEN_STATISTICS" OperationType="3" OperationId="131334" ExecutionTimeMS="0" QueuedTimeMS="0" SLAThresholdMS="0" ContextType1="1" ContextInfo1="1B54C7EF-6431-4C84-AA18-9F8D323B0140" ContextType2="2" ContextInfo2="Outer Swtich" ContextType3="0" ContextInfo3=" " EventReceivedTime="2024-08-07 15:51:57" SourceModuleName="eventlog" SourceModuleType="im_msvistalog"] V-Switch operation OID_GEN_STATISTICS (131334) took too long to complete. Operation Type: OID HOST VNIC. Execution time 0 ms. Queued time 0 ms. Expected execution time less than 0 ms. NicName: 1B54C7EF-6431-4C84-AA18-9F8D323B0140. NicFriendlyName: Outer Swtich.    
<14>1 2024-08-07T15:36:22.190287+10:00 STEFAN-PC Microsoft-Windows-Store 10832 - [NXLOG@14506 Keywords="-9223354444668731392" EventType="INFO" EventID="8001" ProviderGuid="{9C2A37F3-E5FD-5CAE-BCD1-43DAFEEE1FF0}" Version="0" Task="8001" OpcodeValue="14" RecordNumber="3515533" ThreadID="88440" Channel="Microsoft-Windows-Store/Operational" Domain="STEFAN-PC" AccountName="Stefan" UserID="S-1-5-21-924897375-3691621298-2477737607-1001" AccountType="User" Category="LM" Opcode="Info" Function="InvokeLicenseManagerRequired" Source="onecoreuap\\enduser\\winstore\\licensemanager\\apisethost\\activationapis.cpp" Line_Number="373" EventReceivedTime="2024-08-07 15:51:57" SourceModuleName="eventlog" SourceModuleType="im_msvistalog"] Skipping license manager: PFN Microsoft.WindowsNotepad_11.2406.9.0_x64__8wekyb3d8bbwe  Function: InvokeLicenseManagerRequired  Source: onecoreuap\enduser\winstore\licensemanager\apisethost\activationapis.cpp (373)
<14>1 2024-08-07T15:36:22.694913+10:00 STEFAN-PC Microsoft-Windows-Security-Auditing 1260 - [NXLOG@14506 Keywords="-9214364837600034816" EventType="AUDIT_SUCCESS" EventID="4798" ProviderGuid="{54849625-5478-4994-A5BA-3E3B0328C30D}" Version="0" Task="13824" OpcodeValue="0" RecordNumber="1745706" ActivityID="{6DBC5DAA-E5E2-0008-5F5E-BC6DE2E5DA01}" ThreadID="45536" Channel="Security" Category="User Account Management" Opcode="Info" TargetUserName="Stefan" TargetDomainName="STEFAN-PC" TargetSid="S-1-5-21-924897375-3691621298-2477737607-1001" SubjectUserSid="S-1-5-21-924897375-3691621298-2477737607-1001" SubjectUserName="Stefan" SubjectDomainName="STEFAN-PC" SubjectLogonId="0x257da7" CallerProcessId="0x2a50" CallerProcessName="C:\\Windows\\explorer.exe" EventReceivedTime="2024-08-07 15:51:57" SourceModuleName="eventlog" SourceModuleType="im_msvistalog"] A user's local group membership was enumerated.    Subject:  	Security ID:		S-1-5-21-924897375-3691621298-2477737607-1001  	Account Name:		Stefan  	Account Domain:		STEFAN-PC  	Logon ID:		0x257DA7    User:  	Security ID:		S-1-5-21-924897375-3691621298-2477737607-1001  	Account Name:		Stefan  	Account Domain:		STEFAN-PC    Process Information:  	Process ID:		0x2a50  	Process Name:		C:\Windows\explorer.exe
<15>1 2024-08-07T15:36:28.491666+10:00 STEFAN-PC Microsoft-Windows-PushNotifications-Platform 1676 - [NXLOG@14506 Keywords="-9223372036749918208" EventType="VERBOSE" EventID="1223" ProviderGuid="{88CD9180-4491-4640-B571-E3BEE2527943}" Version="0" Task="0" OpcodeValue="0" RecordNumber="2350404" ThreadID="8536" Channel="Microsoft-Windows-PushNotification-Platform/Operational" Domain="NT AUTHORITY" AccountName="SYSTEM" UserID="S-1-5-18" AccountType="User" Opcode="Info" Verb="PNG" TrID="144" Namespace="CON" CorrelationVector="xO85EkgXQkeBfx2B.144" Bytes="29" Payload="436F6E746578743A20373235633062313238393739333238370D0A0D0A" ConnectionType="1" EventReceivedTime="2024-08-07 15:51:57" SourceModuleName="eventlog" SourceModuleType="im_msvistalog"] WNP Transport Layer sent command: PNG, Trid: 144, Namespace: CON, CV: xO85EkgXQkeBfx2B.144 containing 29 bytes of payload: 0x436F6E746578743A20373235633062313238393739333238370D0A0D0A. IsLongRunning: Data Connection.
<11>1 2024-08-07T15:39:12.992578+10:00 STEFAN-PC Microsoft-Windows-WMI-Activity 1676 - [NXLOG@14506 Keywords="4611686018427387904" EventType="ERROR" EventID="5858" ProviderGuid="{1418EF04-B0B4-4623-BF7E-D74AB47BBDAA}" Version="0" Task="0" OpcodeValue="0" RecordNumber="605189" ThreadID="58784" Channel="Microsoft-Windows-WMI-Activity/Operational" Domain="NT AUTHORITY" AccountName="SYSTEM" UserID="S-1-5-18" AccountType="User" Opcode="Info" EventReceivedTime="2024-08-07 15:51:57" SourceModuleName="eventlog" SourceModuleType="im_msvistalog"] Id = {00000000-0000-0000-0000-000000000000}; ClientMachine = STEFAN-PC; User = STEFAN-PC\Stefan; ClientProcessId = 58972; Component = Unknown; Operation = Start IWbemServices::ExecQuery - ROOT\CIMV2 : SELECT * FROM Win32_DiskDrive WHERE DeviceID LIKE '%PHYSICALDRIVE0%'; ResultCode = 0x80041032; PossibleCause = Unknown
<14>1 2024-08-07T15:36:15.026602+10:00 STEFAN-PC Microsoft-Windows-Diagnosis-DPS 4116 - [NXLOG@14506 Keywords="4611686052787126272" EventType="INFO" EventID="100" ProviderGuid="{6BBA3851-2C7E-4DEA-8F54-31E5AFD029E3}" Version="0" Task="1" OpcodeValue="12" RecordNumber="11732" ActivityID="{AC9B7545-D3B9-4213-95FD-2CBA1D12B74D}" ThreadID="68708" Channel="Microsoft-Windows-Diagnosis-DPS/Operational" Domain="NT AUTHORITY" AccountName="LOCAL SERVICE" UserID="S-1-5-19" AccountType="Well Known Group" Category="Scenario Lifecycle" Opcode="A diagnostic module detected a problem" ScenarioId="{180b3a99-8c39-4f12-b631-2031998efe45}" InstanceId="{ac9b7545-d3b9-4213-95fd-2cba1d12b74d}" OriginalActivityId="{00000000-0000-0000-0000-000000000000}" DiagnosticModuleImageName="%windir%\\system32\\radardt.dll" DiagnosticModuleId="{45de1ea9-10bc-4f96-9b21-4b6b83dbf476}" EventReceivedTime="2024-08-07 15:51:57" SourceModuleName="eventlog" SourceModuleType="im_msvistalog"] Diagnostic module {45de1ea9-10bc-4f96-9b21-4b6b83dbf476} (%windir%\system32\radardt.dll) detected a problem for scenario {180b3a99-8c39-4f12-b631-2031998efe45}, instance {ac9b7545-d3b9-4213-95fd-2cba1d12b74d}, original activity ID {00000000-0000-0000-0000-000000000000}.
<14>1 2024-08-07T15:39:28.582468+10:00 STEFAN-PC Microsoft-Client-Licensing-Platform 36860 - [NXLOG@14506 Keywords="2305843009213693953" EventType="INFO" EventID="100" ProviderGuid="{B6CC0D55-9ECC-49A8-B929-2B9022426F2A}" Version="0" Task="0" OpcodeValue="0" RecordNumber="153855" ThreadID="102228" Channel="Microsoft-Client-Licensing-Platform/Admin" Domain="NT AUTHORITY" AccountName="SYSTEM" UserID="S-1-5-18" AccountType="User" Opcode="Info" Data="TriggerStarted" EventReceivedTime="2024-08-07 15:51:57" SourceModuleName="eventlog" SourceModuleType="im_msvistalog"] ClipSVC service is starting.  Caller: TriggerStarted
<11>1 2024-08-07T15:39:29.518607+10:00 STEFAN-PC Microsoft-Windows-AAD 96816 - [NXLOG@14506 Keywords="4611686018427387922" EventType="ERROR" EventID="1098" ProviderGuid="{4DE9BC9C-B27A-43C9-8994-0915F1A5E24F}" Version="0" Task="103" OpcodeValue="0" RecordNumber="97924" ActivityID="{6DBC5DAA-E5E2-0002-A1FD-CF6EE2E5DA01}" ThreadID="101364" Channel="Microsoft-Windows-AAD/Operational" Domain="STEFAN-PC" AccountName="Stefan" UserID="S-1-5-21-924897375-3691621298-2477737607-1001" AccountType="User" Category="AadTokenBrokerPlugin Operation" Opcode="Info" Error="3399614467" ErrorMessage="Authorization grant failed for this assertion." AdditionalInformation="Code: invalid_grant Description: AADSTS700082: The refresh token has expired due to inactivity. The token was issued on 2023-12-14T10:54:35.4465462Z and was inactive for 90.00:00:00. Trace ID: b65af1d3-4b87-4e0f-a510-73e5b1060e00 Correlation ID: 8550496d-094b-4fa9-bdc7-80c07ea7bafe Timestamp: 2024-08-07 05:39:30Z TokenEndpoint: https://login.microsoftonline.com/common/oauth2/token Logged at OAuthTokenRequestBase.cpp, line: 452, method: OAuthTokenRequestBase::ProcessOAuthResponse.  Request: authority: https://login.microsoftonline.com/common, client: 22098786-6e16-43cc-a27d-191a01a1e3b5, redirect URI: ms-appx-web://Microsoft.AAD.BrokerPlugin/S-1-15-2-2537927067-2140208811-1083047336-3825492100-1188134376-3459723148-3131426163, resource: https://outlook.office.com, correlation ID (request): 8550496d-094b-4fa9-bdc7-80c07ea7bafe" EventReceivedTime="2024-08-07 15:51:57" SourceModuleName="eventlog" SourceModuleType="im_msvistalog"] Error: 0xCAA20003 Authorization grant failed for this assertion.  Code: invalid_grant  Description: AADSTS700082: The refresh token has expired due to inactivity. The token was issued on 2023-12-14T10:54:35.4465462Z and was inactive for 90.00:00:00. Trace ID: b65af1d3-4b87-4e0f-a510-73e5b1060e00 Correlation ID: 8550496d-094b-4fa9-bdc7-80c07ea7bafe Timestamp: 2024-08-07 05:39:30Z  TokenEndpoint: https://login.microsoftonline.com/common/oauth2/token  Logged at OAuthTokenRequestBase.cpp, line: 452, method: OAuthTokenRequestBase::ProcessOAuthResponse.    Request: authority: https://login.microsoftonline.com/common, client: 22098786-6e16-43cc-a27d-191a01a1e3b5, redirect URI: ms-appx-web://Microsoft.AAD.BrokerPlugin/S-1-15-2-2537927067-2140208811-1083047336-3825492100-1188134376-3459723148-3131426163, resource: https://outlook.office.com, correlation ID (request): 8550496d-094b-4fa9-bdc7-80c07ea7bafe
<14>1 2024-08-07T15:43:43.455627+10:00 STEFAN-PC Microsoft-Windows-GroupPolicy 1676 - [NXLOG@14506 Keywords="4611686018427387904" EventType="INFO" EventID="4116" ProviderGuid="{AEA1B4FA-97D1-45F2-A64C-4D69FFFD92C9}" Version="0" Task="0" OpcodeValue="0" RecordNumber="576697" ThreadID="125164" Channel="Microsoft-Windows-GroupPolicy/Operational" Domain="NT AUTHORITY" AccountName="SYSTEM" UserID="S-1-5-18" AccountType="User" Opcode="Info" EventReceivedTime="2024-08-07 15:51:57" SourceModuleName="eventlog" SourceModuleType="im_msvistalog"] Started the Group Policy service initialization phase.
<14>1 2024-08-07T15:45:03.586374+10:00 STEFAN-PC Microsoft-Windows-AppModel-Runtime 1676 - [NXLOG@14506 Keywords="2305843009213693956" EventType="INFO" EventID="219" ProviderGuid="{F1EF270A-0D32-4352-BA52-DBAB41E1D859}" Version="0" Task="0" OpcodeValue="0" RecordNumber="71859" ThreadID="52800" Channel="Microsoft-Windows-AppModel-Runtime/Admin" Domain="STEFAN-PC" AccountName="Stefan" UserID="S-1-5-21-924897375-3691621298-2477737607-1001" AccountType="User" Opcode="Info" EventReceivedTime="2024-08-07 15:51:57" SourceModuleName="eventlog" SourceModuleType="im_msvistalog"] PSMFlags for Desktop AppX process %1 with applicationID %2 is %3.
